This file contains any messages produced by compilers while
running configure, to aid debugging if configure makes a mistake.

It was created by jansson configure 1.1.3, which was
generated by GNU Autoconf 2.64.  Invocation command line was

  $ ./configure 

## --------- ##
## Platform. ##
## --------- ##

hostname = chyq
uname -m = armv7l
uname -r = 5.10.52-v7+
uname -s = Linux
uname -v = #1441 SMP Tue Aug 3 18:10:09 BST 2021

/usr/bin/uname -p = unknown
/bin/uname -X     = unknown

/bin/arch              = unknown
/usr/bin/arch -k       = unknown
/usr/convex/getsysinfo = unknown
/usr/bin/hostinfo      = unknown
/bin/machine           = unknown
/usr/bin/oslevel       = unknown
/bin/universe          = unknown

PATH: /home/pi/.vscode-server/bin/3866c3553be8b268c8a7f8c0482c0c0177aa8bfa/bin
PATH: /usr/local/sbin
PATH: /usr/local/bin
PATH: /usr/sbin
PATH: /usr/bin
PATH: /sbin
PATH: /bin
PATH: /usr/local/games
PATH: /usr/games
PATH: /snap/bin


## ----------- ##
## Core tests. ##
## ----------- ##

configure:2243: checking for a BSD-compatible install
configure:2311: result: /usr/bin/install -c
configure:2322: checking whether build environment is sane
configure:2372: result: yes
configure:2513: checking for a thread-safe mkdir -p
configure:2552: result: /bin/mkdir -p
configure:2565: checking for gawk
configure:2595: result: no
configure:2565: checking for mawk
configure:2581: found /usr/bin/mawk
configure:2592: result: mawk
configure:2603: checking whether make sets $(MAKE)
configure:2625: result: yes
configure:2759: checking for gcc
configure:2775: found /usr/bin/gcc
configure:2786: result: gcc
configure:3015: checking for C compiler version
configure:3024: gcc --version >&5
gcc (Raspbian 8.3.0-6+rpi1) 8.3.0
Copyright (C) 2018 Free Software Foundation, Inc.
This is free software; see the source for copying conditions.  There is NO
warranty; not even for MERCHANTABILITY or FITNESS FOR A PARTICULAR PURPOSE.

configure:3035: $? = 0
configure:3024: gcc -v >&5
Using built-in specs.
COLLECT_GCC=gcc
COLLECT_LTO_WRAPPER=/usr/lib/gcc/arm-linux-gnueabihf/8/lto-wrapper
Target: arm-linux-gnueabihf
Configured with: ../src/configure -v --with-pkgversion='Raspbian 8.3.0-6+rpi1' --with-bugurl=file:///usr/share/doc/gcc-8/README.Bugs --enable-languages=c,ada,c++,go,d,fortran,objc,obj-c++ --prefix=/usr --with-gcc-major-version-only --program-suffix=-8 --program-prefix=arm-linux-gnueabihf- --enable-shared --enable-linker-build-id --libexecdir=/usr/lib --without-included-gettext --enable-threads=posix --libdir=/usr/lib --enable-nls --enable-bootstrap --enable-clocale=gnu --enable-libstdcxx-debug --enable-libstdcxx-time=yes --with-default-libstdcxx-abi=new --enable-gnu-unique-object --disable-libitm --disable-libquadmath --disable-libquadmath-support --enable-plugin --with-system-zlib --with-target-system-zlib --enable-objc-gc=auto --enable-multiarch --disable-sjlj-exceptions --with-arch=armv6 --with-fpu=vfp --with-float=hard --disable-werror --enable-checking=release --build=arm-linux-gnueabihf --host=arm-linux-gnueabihf --target=arm-linux-gnueabihf
Thread model: posix
gcc version 8.3.0 (Raspbian 8.3.0-6+rpi1) 
configure:3035: $? = 0
configure:3024: gcc -V >&5
gcc: error: unrecognized command line option '-V'
gcc: fatal error: no input files
compilation terminated.
configure:3035: $? = 1
configure:3024: gcc -qversion >&5
gcc: error: unrecognized command line option '-qversion'; did you mean '--version'?
gcc: fatal error: no input files
compilation terminated.
configure:3035: $? = 1
configure:3057: checking for C compiler default output file name
configure:3079: gcc    conftest.c  >&5
configure:3083: $? = 0
configure:3120: result: a.out
configure:3136: checking whether the C compiler works
configure:3145: ./a.out
configure:3149: $? = 0
configure:3164: result: yes
configure:3171: checking whether we are cross compiling
configure:3173: result: no
configure:3176: checking for suffix of executables
configure:3183: gcc -o conftest    conftest.c  >&5
configure:3187: $? = 0
configure:3209: result: 
configure:3215: checking for suffix of object files
configure:3237: gcc -c   conftest.c >&5
configure:3241: $? = 0
configure:3262: result: o
configure:3266: checking whether we are using the GNU C compiler
configure:3285: gcc -c   conftest.c >&5
configure:3285: $? = 0
configure:3294: result: yes
configure:3303: checking whether gcc accepts -g
configure:3323: gcc -c -g  conftest.c >&5
configure:3323: $? = 0
configure:3364: result: yes
configure:3381: checking for gcc option to accept ISO C89
configure:3445: gcc  -c -g -O2  conftest.c >&5
configure:3445: $? = 0
configure:3458: result: none needed
configure:3489: checking for style of include used by make
configure:3517: result: GNU
configure:3542: checking dependency style of gcc
configure:3652: result: gcc3
configure:3696: checking build system type
configure:3710: result: armv7l-unknown-linux-gnueabi
configure:3730: checking host system type
configure:3743: result: armv7l-unknown-linux-gnueabi
configure:3763: checking for a sed that does not truncate output
configure:3827: result: /bin/sed
configure:3845: checking for grep that handles long lines and -e
configure:3903: result: /bin/grep
configure:3908: checking for egrep
configure:3970: result: /bin/grep -E
configure:3975: checking for fgrep
configure:4037: result: /bin/grep -F
configure:4072: checking for ld used by gcc
configure:4139: result: /usr/bin/ld
configure:4146: checking if the linker (/usr/bin/ld) is GNU ld
configure:4161: result: yes
configure:4173: checking for BSD- or MS-compatible name lister (nm)
configure:4222: result: /usr/bin/nm -B
configure:4340: checking the name lister (/usr/bin/nm -B) interface
configure:4351: gcc -c -g -O2  conftest.c >&5
configure:4354: /usr/bin/nm -B "conftest.o"
configure:4357: output
00000000 B some_variable
configure:4354: result: BSD nm
configure:4357: checking whether ln -s works
configure:4361: result: yes
configure:4369: checking the maximum length of command line arguments
configure:4489: result: 1572864
configure:4506: checking whether the shell understands some XSI constructs
configure:4515: result: yes
configure:4519: checking whether the shell understands "+="
configure:4523: result: yes
configure:4558: checking for /usr/bin/ld option to reload object files
configure:4565: result: -r
configure:4634: checking for objdump
configure:4650: found /usr/bin/objdump
configure:4661: result: objdump
configure:4693: checking how to recognize dependent libraries
configure:4889: result: pass_all
configure:4949: checking for ar
configure:4965: found /usr/bin/ar
configure:4976: result: ar
configure:5054: checking for strip
configure:5070: found /usr/bin/strip
configure:5081: result: strip
configure:5153: checking for ranlib
configure:5169: found /usr/bin/ranlib
configure:5180: result: ranlib
configure:5270: checking command to parse /usr/bin/nm -B output from gcc object
configure:5388: gcc -c -g -O2  conftest.c >&5
configure:5391: $? = 0
configure:5395: /usr/bin/nm -B conftest.o \| sed -n -e 's/^.*[	 ]\([ABCDGIRSTW][ABCDGIRSTW]*\)[	 ][	 ]*\([_A-Za-z][_A-Za-z0-9]*\)$/\1 \2 \2/p' \> conftest.nm
configure:5398: $? = 0
configure:5452: gcc -o conftest -g -O2   conftest.c conftstm.o >&5
configure:5455: $? = 0
configure:5493: result: ok
configure:6302: checking how to run the C preprocessor
configure:6333: gcc -E  conftest.c
configure:6333: $? = 0
configure:6347: gcc -E  conftest.c
conftest.c:11:10: fatal error: ac_nonexistent.h: No such file or directory
 #include <ac_nonexistent.h>
          ^~~~~~~~~~~~~~~~~~
compilation terminated.
configure:6347: $? = 1
configure: failed program was:
| /* confdefs.h */
| #define PACKAGE_NAME "jansson"
| #define PACKAGE_TARNAME "jansson"
| #define PACKAGE_VERSION "1.1.3"
| #define PACKAGE_STRING "jansson 1.1.3"
| #define PACKAGE_BUGREPORT "petri@digip.org"
| #define PACKAGE_URL ""
| #define PACKAGE "jansson"
| #define VERSION "1.1.3"
| /* end confdefs.h.  */
| #include <ac_nonexistent.h>
configure:6372: result: gcc -E
configure:6392: gcc -E  conftest.c
configure:6392: $? = 0
configure:6406: gcc -E  conftest.c
conftest.c:11:10: fatal error: ac_nonexistent.h: No such file or directory
 #include <ac_nonexistent.h>
          ^~~~~~~~~~~~~~~~~~
compilation terminated.
configure:6406: $? = 1
configure: failed program was:
| /* confdefs.h */
| #define PACKAGE_NAME "jansson"
| #define PACKAGE_TARNAME "jansson"
| #define PACKAGE_VERSION "1.1.3"
| #define PACKAGE_STRING "jansson 1.1.3"
| #define PACKAGE_BUGREPORT "petri@digip.org"
| #define PACKAGE_URL ""
| #define PACKAGE "jansson"
| #define VERSION "1.1.3"
| /* end confdefs.h.  */
| #include <ac_nonexistent.h>
configure:6435: checking for ANSI C header files
configure:6455: gcc -c -g -O2  conftest.c >&5
configure:6455: $? = 0
configure:6528: gcc -o conftest -g -O2   conftest.c  >&5
configure:6528: $? = 0
configure:6528: ./conftest
configure:6528: $? = 0
configure:6539: result: yes
configure:6552: checking for sys/types.h
configure:6552: gcc -c -g -O2  conftest.c >&5
configure:6552: $? = 0
configure:6552: result: yes
configure:6552: checking for sys/stat.h
configure:6552: gcc -c -g -O2  conftest.c >&5
configure:6552: $? = 0
configure:6552: result: yes
configure:6552: checking for stdlib.h
configure:6552: gcc -c -g -O2  conftest.c >&5
configure:6552: $? = 0
configure:6552: result: yes
configure:6552: checking for string.h
configure:6552: gcc -c -g -O2  conftest.c >&5
configure:6552: $? = 0
configure:6552: result: yes
configure:6552: checking for memory.h
configure:6552: gcc -c -g -O2  conftest.c >&5
configure:6552: $? = 0
configure:6552: result: yes
configure:6552: checking for strings.h
configure:6552: gcc -c -g -O2  conftest.c >&5
configure:6552: $? = 0
configure:6552: result: yes
configure:6552: checking for inttypes.h
configure:6552: gcc -c -g -O2  conftest.c >&5
configure:6552: $? = 0
configure:6552: result: yes
configure:6552: checking for stdint.h
configure:6552: gcc -c -g -O2  conftest.c >&5
configure:6552: $? = 0
configure:6552: result: yes
configure:6552: checking for unistd.h
configure:6552: gcc -c -g -O2  conftest.c >&5
configure:6552: $? = 0
configure:6552: result: yes
configure:6567: checking for dlfcn.h
configure:6567: gcc -c -g -O2  conftest.c >&5
configure:6567: $? = 0
configure:6567: result: yes
configure:6751: checking for objdir
configure:6766: result: .libs
configure:7058: checking if gcc supports -fno-rtti -fno-exceptions
configure:7089: gcc -c -g -O2  -fno-rtti -fno-exceptions conftest.c >&5
cc1: warning: command line option '-fno-rtti' is valid for C++/ObjC++ but not for C
configure:7093: $? = 0
configure:7093: result: no
configure:7113: checking for gcc option to produce PIC
configure:7385: result: -fPIC -DPIC
configure:7397: checking if gcc PIC flag -fPIC -DPIC works
configure:7428: gcc -c -g -O2  -fPIC -DPIC -DPIC conftest.c >&5
configure:7432: $? = 0
configure:7432: result: yes
configure:7456: checking if gcc static flag -static works
configure:7484: result: yes
configure:7499: checking if gcc supports -c -o file.o
configure:7533: gcc -c -g -O2  -o out/conftest2.o conftest.c >&5
configure:7537: $? = 0
configure:7546: result: yes
configure:7554: checking if gcc supports -c -o file.o
configure:7601: result: yes
configure:7634: checking whether the gcc linker (/usr/bin/ld) supports shared libraries
configure:8624: result: yes
configure:8661: checking whether -lc should be explicitly linked in
configure:8666: gcc -c -g -O2  conftest.c >&5
configure:8669: $? = 0
configure:8684: gcc -shared conftest.o  -v -Wl,-soname -Wl,conftest -o conftest 2\>\&1 \| /bin/grep  -lc  \>/dev/null 2\>\&1
configure:8687: $? = 0
configure:8699: result: no
configure:8863: checking dynamic linker characteristics
configure:9296: gcc -o conftest -g -O2   -Wl,-rpath -Wl,/foo conftest.c  >&5
configure:9296: $? = 0
configure:9526: result: GNU/Linux ld.so
configure:9628: checking how to hardcode library paths into programs
configure:9653: result: immediate
configure:10173: checking whether stripping libraries is possible
configure:10178: result: yes
configure:10213: checking if libtool supports shared libraries
configure:10215: result: yes
configure:10218: checking whether to build shared libraries
configure:10239: result: yes
configure:10242: checking whether to build static libraries
configure:10246: result: yes
configure:7671: creating ./config.status

## ---------------------- ##
## Running config.status. ##
## ---------------------- ##

This file was extended by jansson config.status 1.1.3, which was
generated by GNU Autoconf 2.64.  Invocation command line was

  CONFIG_FILES    = 
  CONFIG_HEADERS  = 
  CONFIG_LINKS    = 
  CONFIG_COMMANDS = 
  $ ./config.status 

on chyq

config.status:1056: creating Makefile
config.status:1056: creating doc/Makefile
config.status:1056: creating src/Makefile
config.status:1056: creating test/Makefile
config.status:1056: creating test/testdata/Makefile
config.status:1056: creating test/testprogs/Makefile
config.status:1056: creating config.h
config.status:1276: executing depfiles commands
config.status:1276: executing libtool commands

## ---------------- ##
## Cache variables. ##
## ---------------- ##

ac_cv_build=armv7l-unknown-linux-gnueabi
ac_cv_c_compiler_gnu=yes
ac_cv_env_CC_set=
ac_cv_env_CC_value=
ac_cv_env_CFLAGS_set=
ac_cv_env_CFLAGS_value=
ac_cv_env_CPPFLAGS_set=
ac_cv_env_CPPFLAGS_value=
ac_cv_env_CPP_set=
ac_cv_env_CPP_value=
ac_cv_env_LDFLAGS_set=
ac_cv_env_LDFLAGS_value=
ac_cv_env_LIBS_set=
ac_cv_env_LIBS_value=
ac_cv_env_build_alias_set=
ac_cv_env_build_alias_value=
ac_cv_env_host_alias_set=
ac_cv_env_host_alias_value=
ac_cv_env_target_alias_set=
ac_cv_env_target_alias_value=
ac_cv_header_dlfcn_h=yes
ac_cv_header_inttypes_h=yes
ac_cv_header_memory_h=yes
ac_cv_header_stdc=yes
ac_cv_header_stdint_h=yes
ac_cv_header_stdlib_h=yes
ac_cv_header_string_h=yes
ac_cv_header_strings_h=yes
ac_cv_header_sys_stat_h=yes
ac_cv_header_sys_types_h=yes
ac_cv_header_unistd_h=yes
ac_cv_host=armv7l-unknown-linux-gnueabi
ac_cv_objext=o
ac_cv_path_EGREP='/bin/grep -E'
ac_cv_path_FGREP='/bin/grep -F'
ac_cv_path_GREP=/bin/grep
ac_cv_path_SED=/bin/sed
ac_cv_path_install='/usr/bin/install -c'
ac_cv_path_mkdir=/bin/mkdir
ac_cv_prog_AWK=mawk
ac_cv_prog_CPP='gcc -E'
ac_cv_prog_ac_ct_AR=ar
ac_cv_prog_ac_ct_CC=gcc
ac_cv_prog_ac_ct_OBJDUMP=objdump
ac_cv_prog_ac_ct_RANLIB=ranlib
ac_cv_prog_ac_ct_STRIP=strip
ac_cv_prog_cc_c89=
ac_cv_prog_cc_g=yes
ac_cv_prog_make_make_set=yes
am_cv_CC_dependencies_compiler_type=gcc3
lt_cv_deplibs_check_method=pass_all
lt_cv_file_magic_cmd='$MAGIC_CMD'
lt_cv_file_magic_test_file=
lt_cv_ld_reload_flag=-r
lt_cv_nm_interface='BSD nm'
lt_cv_objdir=.libs
lt_cv_path_LD=/usr/bin/ld
lt_cv_path_NM='/usr/bin/nm -B'
lt_cv_prog_compiler_c_o=yes
lt_cv_prog_compiler_pic_works=yes
lt_cv_prog_compiler_rtti_exceptions=no
lt_cv_prog_compiler_static_works=yes
lt_cv_prog_gnu_ld=yes
lt_cv_sys_global_symbol_pipe='sed -n -e '\''s/^.*[	 ]\([ABCDGIRSTW][ABCDGIRSTW]*\)[	 ][	 ]*\([_A-Za-z][_A-Za-z0-9]*\)$/\1 \2 \2/p'\'''
lt_cv_sys_global_symbol_to_c_name_address='sed -n -e '\''s/^: \([^ ]*\) $/  {\"\1\", (void *) 0},/p'\'' -e '\''s/^[ABCDGIRSTW]* \([^ ]*\) \([^ ]*\)$/  {"\2", (void *) \&\2},/p'\'''
lt_cv_sys_global_symbol_to_c_name_address_lib_prefix='sed -n -e '\''s/^: \([^ ]*\) $/  {\"\1\", (void *) 0},/p'\'' -e '\''s/^[ABCDGIRSTW]* \([^ ]*\) \(lib[^ ]*\)$/  {"\2", (void *) \&\2},/p'\'' -e '\''s/^[ABCDGIRSTW]* \([^ ]*\) \([^ ]*\)$/  {"lib\2", (void *) \&\2},/p'\'''
lt_cv_sys_global_symbol_to_cdecl='sed -n -e '\''s/^T .* \(.*\)$/extern int \1();/p'\'' -e '\''s/^[ABCDGIRSTW]* .* \(.*\)$/extern char \1;/p'\'''
lt_cv_sys_max_cmd_len=1572864

## ----------------- ##
## Output variables. ##
## ----------------- ##

ACLOCAL='${SHELL} /home/pi/Desktop/cps_evaluation/rc_fm/jansson-1.1.3/missing --run aclocal-1.11'
AMDEPBACKSLASH='\'
AMDEP_FALSE='#'
AMDEP_TRUE=''
AMTAR='${SHELL} /home/pi/Desktop/cps_evaluation/rc_fm/jansson-1.1.3/missing --run tar'
AR='ar'
AUTOCONF='${SHELL} /home/pi/Desktop/cps_evaluation/rc_fm/jansson-1.1.3/missing --run autoconf'
AUTOHEADER='${SHELL} /home/pi/Desktop/cps_evaluation/rc_fm/jansson-1.1.3/missing --run autoheader'
AUTOMAKE='${SHELL} /home/pi/Desktop/cps_evaluation/rc_fm/jansson-1.1.3/missing --run automake-1.11'
AWK='mawk'
CC='gcc'
CCDEPMODE='depmode=gcc3'
CFLAGS='-g -O2'
CPP='gcc -E'
CPPFLAGS=''
CYGPATH_W='echo'
DEFS='-DHAVE_CONFIG_H'
DEPDIR='.deps'
DSYMUTIL=''
DUMPBIN=''
ECHO_C=''
ECHO_N='-n'
ECHO_T=''
EGREP='/bin/grep -E'
EXEEXT=''
FGREP='/bin/grep -F'
GREP='/bin/grep'
INSTALL_DATA='${INSTALL} -m 644'
INSTALL_PROGRAM='${INSTALL}'
INSTALL_SCRIPT='${INSTALL}'
INSTALL_STRIP_PROGRAM='$(install_sh) -c -s'
LD='/usr/bin/ld'
LDFLAGS=''
LIBOBJS=''
LIBS=''
LIBTOOL='$(SHELL) $(top_builddir)/libtool'
LIPO=''
LN_S='ln -s'
LTLIBOBJS=''
MAKEINFO='${SHELL} /home/pi/Desktop/cps_evaluation/rc_fm/jansson-1.1.3/missing --run makeinfo'
MKDIR_P='/bin/mkdir -p'
NM='/usr/bin/nm -B'
NMEDIT=''
OBJDUMP='objdump'
OBJEXT='o'
OTOOL64=''
OTOOL=''
PACKAGE='jansson'
PACKAGE_BUGREPORT='petri@digip.org'
PACKAGE_NAME='jansson'
PACKAGE_STRING='jansson 1.1.3'
PACKAGE_TARNAME='jansson'
PACKAGE_URL=''
PACKAGE_VERSION='1.1.3'
PATH_SEPARATOR=':'
RANLIB='ranlib'
SED='/bin/sed'
SET_MAKE=''
SHELL='/bin/bash'
STRIP='strip'
VERSION='1.1.3'
ac_ct_CC='gcc'
ac_ct_DUMPBIN=''
am__EXEEXT_FALSE=''
am__EXEEXT_TRUE='#'
am__fastdepCC_FALSE='#'
am__fastdepCC_TRUE=''
am__include='include'
am__isrc=''
am__leading_dot='.'
am__quote=''
am__tar='${AMTAR} chof - "$$tardir"'
am__untar='${AMTAR} xf -'
bindir='${exec_prefix}/bin'
build='armv7l-unknown-linux-gnueabi'
build_alias=''
build_cpu='armv7l'
build_os='linux-gnueabi'
build_vendor='unknown'
datadir='${datarootdir}'
datarootdir='${prefix}/share'
docdir='${datarootdir}/doc/${PACKAGE_TARNAME}'
dvidir='${docdir}'
exec_prefix='${prefix}'
host='armv7l-unknown-linux-gnueabi'
host_alias=''
host_cpu='armv7l'
host_os='linux-gnueabi'
host_vendor='unknown'
htmldir='${docdir}'
includedir='${prefix}/include'
infodir='${datarootdir}/info'
install_sh='${SHELL} /home/pi/Desktop/cps_evaluation/rc_fm/jansson-1.1.3/install-sh'
libdir='${exec_prefix}/lib'
libexecdir='${exec_prefix}/libexec'
localedir='${datarootdir}/locale'
localstatedir='${prefix}/var'
lt_ECHO='echo'
mandir='${datarootdir}/man'
mkdir_p='/bin/mkdir -p'
oldincludedir='/usr/include'
pdfdir='${docdir}'
prefix='/usr/local'
program_transform_name='s,x,x,'
psdir='${docdir}'
sbindir='${exec_prefix}/sbin'
sharedstatedir='${prefix}/com'
sysconfdir='${prefix}/etc'
target_alias=''

## ----------- ##
## confdefs.h. ##
## ----------- ##

/* confdefs.h */
#define PACKAGE_NAME "jansson"
#define PACKAGE_TARNAME "jansson"
#define PACKAGE_VERSION "1.1.3"
#define PACKAGE_STRING "jansson 1.1.3"
#define PACKAGE_BUGREPORT "petri@digip.org"
#define PACKAGE_URL ""
#define PACKAGE "jansson"
#define VERSION "1.1.3"
#define STDC_HEADERS 1
#define HAVE_SYS_TYPES_H 1
#define HAVE_SYS_STAT_H 1
#define HAVE_STDLIB_H 1
#define HAVE_STRING_H 1
#define HAVE_MEMORY_H 1
#define HAVE_STRINGS_H 1
#define HAVE_INTTYPES_H 1
#define HAVE_STDINT_H 1
#define HAVE_UNISTD_H 1
#define HAVE_DLFCN_H 1
#define LT_OBJDIR ".libs/"

configure: exit 0
